[debug] [2017-09-09T14:11:14.144Z] ----------------------------------------------------------------------
[debug] [2017-09-09T14:11:14.146Z] Command:       C:\Program Files\nodejs\node.exe C:\Users\tyran\AppData\Roaming\npm\node_modules\firebase-tools\bin\firebase deploy
[debug] [2017-09-09T14:11:14.146Z] CLI Version:   3.10.1
[debug] [2017-09-09T14:11:14.146Z] Platform:      win32
[debug] [2017-09-09T14:11:14.146Z] Node Version:  v8.1.4
[debug] [2017-09-09T14:11:14.146Z] Time:          Sat Sep 09 2017 23:11:14 GMT+0900 (Tokyo Standard Time)
[debug] [2017-09-09T14:11:14.146Z] ----------------------------------------------------------------------
[debug] 
[debug] [2017-09-09T14:11:14.158Z] > command requires scopes: ["email","openid","https://www.googleapis.com/auth/cloudplatformprojects.readonly","https://www.googleapis.com/auth/firebase","https://www.googleapis.com/auth/cloud-platform"]
[debug] [2017-09-09T14:11:14.158Z] > authorizing via signed-in user
[debug] [2017-09-09T14:11:14.160Z] >>> HTTP REQUEST GET https://admin.firebase.com/v1/projects/meera-and-chris-2018  
 Sat Sep 09 2017 23:11:14 GMT+0900 (Tokyo Standard Time)
[debug] [2017-09-09T14:11:14.990Z] <<< HTTP RESPONSE 200
[debug] [2017-09-09T14:11:14.992Z] >>> HTTP REQUEST GET https://admin.firebase.com/v1/database/meera-and-chris-2018/tokens  
 Sat Sep 09 2017 23:11:14 GMT+0900 (Tokyo Standard Time)
[debug] [2017-09-09T14:11:15.708Z] <<< HTTP RESPONSE 200
[info] 
[info] === Deploying to 'meera-and-chris-2018'...
[info] 
[info] i  deploying hosting
[info] i  hosting: preparing dist directory for upload...
[debug] [2017-09-09T14:11:17.328Z] >>> HTTP REQUEST PUT https://deploy.firebase.com/v1/hosting/meera-and-chris-2018/uploads/-KtayivH3VfztfsA-q-H?fileCount=13&message=  
 Sat Sep 09 2017 23:11:17 GMT+0900 (Tokyo Standard Time)
